21/07/2025 09:29:39 : Function: Install-Chain

21/07/2025 09:29:39 : {
    "Specific":  {
                     "ChainPem":  "-----BEGIN CERTIFICATE-----\r\nMIIG1zCCBL+gAwIBAgITKQAAAA0xilarXm/IrgACAAAADTANBgkqhkiG9w0BAQsF\r\nADAaMRgwFgYDVQQDEw9UcmFmZW5nR3JvdXBSQ0EwHhcNMjQxMjA1MTE0NTA3WhcN\r\nMjkxMjA1MTE1NTA3WjBkMRMwEQYKCZImiZPyLGQBGRYDbmV0MRcwFQYKCZImiZPy\r\nLGQBGRYHdHJhZmVuZzEWMBQGCgmSJomT8ixkARkWBmV1cm9wZTEcMBoGA1UEAxMT\r\nVHJhZmVuZ0dyb3VwRW50Q0EwMjCCASIwDQYJKoZIhvcNAQEBBQADggEPADCCAQoC\r\nggEBAKDj0a4R9BiqEb8Y5znUJ9B5oH7MviaDQ3yljwDIZCVX5VNReUXjnCHjkI6G\r\nTwyg4OHg6dA/NybKe7jzYoePjXcK5d2mfiUNWksSOq6Y4LtbgOnNW0qUzPBGA3u1\r\nif7mwc0x0HKf99L/z5fuj78FNS9Y/4dIPSKNapyRdlt075UjlDRYeW+iQUSYG+KW\r\n7HRVsl5f9QTgIhysPIxco012yWFUv8Bqq7fLki6qeSmGOgqtkUltF/J+DitdxOko\r\n7SyNIoOnMD6idbCwkQPH7eQ2OHlAF/SODB/mLjMGUR8Va86XnXBt3EsDjxK9P5tF\r\no+K1FYzxSpwZcINF6/f3NFd3c5kCAwEAAaOCAsowggLGMBAGCSsGAQQBgjcVAQQD\r\nAgEBMCMGCSsGAQQBgjcVAgQWBBRZj1XG45uzBKxJmbFkOgwFWkdCJTAdBgNVHQ4E\r\nFgQU7H98WXdmiwoBUunF5xsdkBepE8wwGQYJKwYBBAGCNxQCBAweCgBTAHUAYgBD\r\nAEEwCwYDVR0PBAQDAgGGMA8GA1UdEwEB/wQFMAMBAf8wHwYDVR0jBBgwFoAUVToj\r\n+jhaJGuv6a2aQQBsBf1Gru0wggEJBgNVHR8EggEAMIH9MIH6oIH3oIH0hoG8bGRh\r\ncDovLy9DTj1UcmFmZW5nR3JvdXBSQ0EsQ049ZXRyYWZsb24yazUwMCxDTj1DRFAs\r\nQ049UHVibGljJTIwS2V5JTIwU2VydmljZXMsQ049U2VydmljZXMsQ049Q29uZmln\r\ndXJhdGlvbixEQz1UcmFmZW5nLERDPW5ldD9jZXJ0aWZpY2F0ZVJldm9jYXRpb25M\r\naXN0P2Jhc2U/b2JqZWN0Q2xhc3M9Y1JMRGlzdHJpYnV0aW9uUG9pbnSGM2h0dHA6\r\nLy9wa2kudHJhZmVuZy5uZXQvQ2VydERhdGEvVHJhZmVuZ0dyb3VwUkNBLmNybDCC\r\nAQUGCCsGAQUFBwEBBIH4MIH1MIGuBggrBgEFBQcwAoaBoWxkYXA6Ly8vQ049VHJh\r\nZmVuZ0dyb3VwUkNBLENOPUFJQSxDTj1QdWJsaWMlMjBLZXklMjBTZXJ2aWNlcyxD\r\nTj1TZXJ2aWNlcyxDTj1Db25maWd1cmF0aW9uLERDPVRyYWZlbmcsREM9bmV0P2NB\r\nQ2VydGlmaWNhdGU/YmFzZT9vYmplY3RDbGFzcz1jZXJ0aWZpY2F0aW9uQXV0aG9y\r\naXR5MEIGCCsGAQUFBzAChjZodHRwOi8vcGtpLnRyYWZlbmcubmV0L0NlcnREYXRh\r\nL1RyYWZlbmdHcm91cFJDQSgyKS5jcnQwDQYJKoZIhvcNAQELBQADggIBALHP3MmA\r\n9Sm7B045wRpDInthB+uSsjPzWDyulNGgfEJRU+ntRczc8UlyyMvAJwR2FdtngRrg\r\nXVwQkLvjFzzwH27weeWxLPLK7AJ3QfkLOlxvUKpcC16Jv5vFzAigl5d3Yaj67nX5\r\n8Df6/sJxSBOz89oK31vmxzP6p4zkJX/zc4KSwDp5UZmYOGNhNfs5WEI9BOEmb662\r\nV3oxn4XG725hKvntBJlmV5wyfCCqRPpLmUrbRDZEqOxXYQdYye1vzurS9y5clmTt\r\nj/J2SVJZ30MlU3s9KDgK+qIpq9PKDqpCUoMsz5NlYxcuFXWnWb1ZP1GM18Y/iRDT\r\nrv4YrqoYBoc7UOwptwEgwJSe3Ts7HUprCzWTLC26ePSqNe2rrtbAkcPxEU/nWKLh\r\nX6BGNY1A2vWWPvVuJbOsVrvh8F9ejB9HzT/GwGrBmC33+CnsFS0z8fYhtAzGi1WL\r\nH2JnKibkuUwB6zXQofFWvYwSLnmyLsNe2zeZjP1WRx4kYCtYOVNr8TYkPlnD8Ahy\r\n5n0rkqEvfxvAInntdw3XrJ/JrjGjaXDvr+vi3vjBpfMNZRRqdtjuA2Uf/IRNKRzI\r\nUKXVBypePRpO61pmQ0F/OHr7v5kU60aB6n3BmFD5IQzIh0a6NmZ+zOo7bGe2YhGC\r\nOlDujLU6/VdxMIjgIqA359oSKNMFkhr8RVLG\r\n-----END CERTIFICATE-----\r\n\r\n-----BEGIN CERTIFICATE-----\r\nMIIFWjCCA0KgAwIBAgIQTkOqpw4KcbVLV9RKIXg3NDANBgkqhkiG9w0BAQsFADAa\r\nMRgwFgYDVQQDEw9UcmFmZW5nR3JvdXBSQ0EwHhcNMjAwODE5MTM1NzA5WhcNNDAw\r\nODE5MTQwNjU3WjAaMRgwFgYDVQQDEw9UcmFmZW5nR3JvdXBSQ0EwggIiMA0GCSqG\r\nSIb3DQEBAQUAA4ICDwAwggIKAoICAQDA3ulA0oXb2gu7G6mTfr4Hxwp2XHQnQHNW\r\ndzRvuLCf5BZZMWIHEIuZoGVnqrR9VirVVT9bq7kx4yWYO3qh5I9XI0O96Kp3eUG8\r\nJb9+GoLSROMF0z8K0kRYRrEFL8Yhg1Yp5J0IUyb7Ngr41vWs0U5EzCBcqknUjRbe\r\nqUrcYzhIHdx3djyWDm3KOxSCT+2Zui8ap8C48zkt3/EBwlIl7g/p3Xn5OGPNIom9\r\ndiSNhfuxqZqW0pRK3g480Nm80h1kBxYFjJOmEpCY0lMKI8fEuL2WoBMnSyGnG1GR\r\nS5BChi0TqCRM3Iwx1NrwA6zAQ88ZrlFwDwPiRVkF7YnW6X+45ccWSpqWxiwkvmvq\r\ncSrLV1o6937gD8M76X028tmdk5AiY4Q3FlcIfGV302HXA0J7RAOXawQo71S+3RFL\r\n4970PrTKMUQeWv76tzs/EOE6N3GQTnkcH8UFrfRNJiSPNZ0wYrKTWUC0mhDW62Ud\r\nk+pmN7RTetO6desWE5AntG3qfeqn7Kbj09iGuIkuQZVXXUXI5f2TpGgDOnBwe/jK\r\nhiiDQWUcaeH8QScqDHYWdAjv1UcK13WFIZQxC0YPmpntd0uUJ83fWCmuiDuyoMbM\r\nDM1wBry80OrI3o+2ILA07ItQzQ0OXbL8QTQJ/jTbO2yRxkFZqhazCsJUVdZLhPfj\r\nXAtDdGSk2wIDAQABo4GbMIGYMAsGA1UdDwQEAwIBhjAPBgNVHRMBAf8EBTADAQH/\r\nMB0GA1UdDgQWBBRVOiP6OFoka6/prZpBAGwF/Uau7TAQBgkrBgEEAYI3FQEEAwIB\r\nADBHBgNVHSAEQDA+MDwGCCsGAQQBgs8mMDAwLgYIKwYBBQUHAgEWImh0dHA6Ly9w\r\na2kudHJhZmVuZy5uZXQvY3BzL2Nwcy5odG0wDQYJKoZIhvcNAQELBQADggIBAFWb\r\nR/aTSouvecamBixb2eekv2VfgG5MZAN866h/ScFWSD4jNlMMdP2bKEsQ0v/gjusw\r\nk78Q+d7QZHCdjqrX1C344BKiGw3BqJgLhQzCj7c7E8MmxyFLAvOpxbWJaroONnPe\r\nlee58NX+Kp9zscNhDgIgekDzkS1z5V+97fQ/MUPMWVsw/QOYG2NfJUNQV2vOnOvr\r\nNASTa4deSCguhjnMuVbaNvQU15/1DlhYMz64di1GwvjPWxFAuchGazs07ZtoZxWe\r\ntQMHHP+qhbSWGNlSgZZvVztuWf68xb2661+2JhQdXuq+zmt7wgKPY7ttrDBGDHLU\r\nFwmPjeJXV6nNSFdSoIhMAVXE5/lNE86s8seidVRd9o5xBAaMmi/WDJnJMZXGN6/x\r\nWTT35+MKviIQRrMPStwbiLTaogAR2dwQM5YG6kcMNmugHCqc6hpEthD7XVmxQ297\r\ni6AAt5lnBFRO9aTzRFPFQDm8K0ZY1uZgAWt2gtdyIni4Crha/BMLJ8NuZD/zte+C\r\nGzpoKQ2dT2v+vhTIengyPZenn5Chawz2jz3LA/EkAwW2kZGPFpuccjoaJ7eozQvO\r\nF51LkUlDxVxc7NLts/G2gJ+nsXac107+psctLBVkZQJNCxL/3ApyR17vKWeBM2Mm\r\nJ7o2JvqVW4OA9YH3dGk2aJC6HDSXuQk7NYB8kB8+\r\n-----END CERTIFICATE-----\r\n\r\n",
                     "ChainPkcs7":  "***hidden***"
                 },
    "General":  {
                    "AssetName":  "ittraflonex27.global.trafigura.com_26jul21_1012",
                    "AuxPass":  "",
                    "VarText2":  "",
                    "VarPass":  "",
                    "VarText4":  "",
                    "HostAddress":  "10.63.26.87",
                    "VarText1":  "",
                    "VarText3":  "",
                    "UserPass":  "***hidden***",
                    "AppObjectDN":  "\\VED\\Policy\\Automation\\Dell iDRAC\\Unified Comms\\ITTRAFLONEX27\\Dell (iDRAC)",
                    "AuxUser":  "",
                    "UserName":  "root",
                    "AuxPfxData":  "",
                    "UserPrivKey":  "",
                    "VarBool2":  "false",
                    "VarText5":  "",
                    "TcpPort":  22,
                    "VarBool1":  "false"
                }
}

21/07/2025 09:29:39 : Function: Install-PrivateKey

21/07/2025 09:29:39 : {
    "Specific":  {
                     "PrivKeyPem":  "***hidden***",
                     "EncryptPass":  "",
                     "PrivKeyPemEncrypted":  "***hidden***"
                 },
    "General":  {
                    "AssetName":  "ittraflonex27.global.trafigura.com_26jul21_1012",
                    "AuxPass":  "",
                    "VarText2":  "",
                    "VarPass":  "",
                    "VarText4":  "",
                    "HostAddress":  "10.63.26.87",
                    "VarText1":  "",
                    "VarText3":  "",
                    "UserPass":  "***hidden***",
                    "AppObjectDN":  "\\VED\\Policy\\Automation\\Dell iDRAC\\Unified Comms\\ITTRAFLONEX27\\Dell (iDRAC)",
                    "AuxUser":  "",
                    "UserName":  "root",
                    "AuxPfxData":  "",
                    "UserPrivKey":  "",
                    "VarBool2":  "false",
                    "VarText5":  "",
                    "TcpPort":  22,
                    "VarBool1":  "false"
                }
}

21/07/2025 09:29:39 : Function: Install-Certificate

21/07/2025 09:29:39 : {
    "Specific":  {
                     "PrivKeyPemEncrypted":  "***hidden***",
                     "EncryptPass":  "***hidden***",
                     "PrivKeyPem":  "***hidden***",
                     "ChainPkcs7":  "***hidden***",
                     "ChainPem":  "-----BEGIN CERTIFICATE-----\r\nMIIG1zCCBL+gAwIBAgITKQAAAA0xilarXm/IrgACAAAADTANBgkqhkiG9w0BAQsF\r\nADAaMRgwFgYDVQQDEw9UcmFmZW5nR3JvdXBSQ0EwHhcNMjQxMjA1MTE0NTA3WhcN\r\nMjkxMjA1MTE1NTA3WjBkMRMwEQYKCZImiZPyLGQBGRYDbmV0MRcwFQYKCZImiZPy\r\nLGQBGRYHdHJhZmVuZzEWMBQGCgmSJomT8ixkARkWBmV1cm9wZTEcMBoGA1UEAxMT\r\nVHJhZmVuZ0dyb3VwRW50Q0EwMjCCASIwDQYJKoZIhvcNAQEBBQADggEPADCCAQoC\r\nggEBAKDj0a4R9BiqEb8Y5znUJ9B5oH7MviaDQ3yljwDIZCVX5VNReUXjnCHjkI6G\r\nTwyg4OHg6dA/NybKe7jzYoePjXcK5d2mfiUNWksSOq6Y4LtbgOnNW0qUzPBGA3u1\r\nif7mwc0x0HKf99L/z5fuj78FNS9Y/4dIPSKNapyRdlt075UjlDRYeW+iQUSYG+KW\r\n7HRVsl5f9QTgIhysPIxco012yWFUv8Bqq7fLki6qeSmGOgqtkUltF/J+DitdxOko\r\n7SyNIoOnMD6idbCwkQPH7eQ2OHlAF/SODB/mLjMGUR8Va86XnXBt3EsDjxK9P5tF\r\no+K1FYzxSpwZcINF6/f3NFd3c5kCAwEAAaOCAsowggLGMBAGCSsGAQQBgjcVAQQD\r\nAgEBMCMGCSsGAQQBgjcVAgQWBBRZj1XG45uzBKxJmbFkOgwFWkdCJTAdBgNVHQ4E\r\nFgQU7H98WXdmiwoBUunF5xsdkBepE8wwGQYJKwYBBAGCNxQCBAweCgBTAHUAYgBD\r\nAEEwCwYDVR0PBAQDAgGGMA8GA1UdEwEB/wQFMAMBAf8wHwYDVR0jBBgwFoAUVToj\r\n+jhaJGuv6a2aQQBsBf1Gru0wggEJBgNVHR8EggEAMIH9MIH6oIH3oIH0hoG8bGRh\r\ncDovLy9DTj1UcmFmZW5nR3JvdXBSQ0EsQ049ZXRyYWZsb24yazUwMCxDTj1DRFAs\r\nQ049UHVibGljJTIwS2V5JTIwU2VydmljZXMsQ049U2VydmljZXMsQ049Q29uZmln\r\ndXJhdGlvbixEQz1UcmFmZW5nLERDPW5ldD9jZXJ0aWZpY2F0ZVJldm9jYXRpb25M\r\naXN0P2Jhc2U/b2JqZWN0Q2xhc3M9Y1JMRGlzdHJpYnV0aW9uUG9pbnSGM2h0dHA6\r\nLy9wa2kudHJhZmVuZy5uZXQvQ2VydERhdGEvVHJhZmVuZ0dyb3VwUkNBLmNybDCC\r\nAQUGCCsGAQUFBwEBBIH4MIH1MIGuBggrBgEFBQcwAoaBoWxkYXA6Ly8vQ049VHJh\r\nZmVuZ0dyb3VwUkNBLENOPUFJQSxDTj1QdWJsaWMlMjBLZXklMjBTZXJ2aWNlcyxD\r\nTj1TZXJ2aWNlcyxDTj1Db25maWd1cmF0aW9uLERDPVRyYWZlbmcsREM9bmV0P2NB\r\nQ2VydGlmaWNhdGU/YmFzZT9vYmplY3RDbGFzcz1jZXJ0aWZpY2F0aW9uQXV0aG9y\r\naXR5MEIGCCsGAQUFBzAChjZodHRwOi8vcGtpLnRyYWZlbmcubmV0L0NlcnREYXRh\r\nL1RyYWZlbmdHcm91cFJDQSgyKS5jcnQwDQYJKoZIhvcNAQELBQADggIBALHP3MmA\r\n9Sm7B045wRpDInthB+uSsjPzWDyulNGgfEJRU+ntRczc8UlyyMvAJwR2FdtngRrg\r\nXVwQkLvjFzzwH27weeWxLPLK7AJ3QfkLOlxvUKpcC16Jv5vFzAigl5d3Yaj67nX5\r\n8Df6/sJxSBOz89oK31vmxzP6p4zkJX/zc4KSwDp5UZmYOGNhNfs5WEI9BOEmb662\r\nV3oxn4XG725hKvntBJlmV5wyfCCqRPpLmUrbRDZEqOxXYQdYye1vzurS9y5clmTt\r\nj/J2SVJZ30MlU3s9KDgK+qIpq9PKDqpCUoMsz5NlYxcuFXWnWb1ZP1GM18Y/iRDT\r\nrv4YrqoYBoc7UOwptwEgwJSe3Ts7HUprCzWTLC26ePSqNe2rrtbAkcPxEU/nWKLh\r\nX6BGNY1A2vWWPvVuJbOsVrvh8F9ejB9HzT/GwGrBmC33+CnsFS0z8fYhtAzGi1WL\r\nH2JnKibkuUwB6zXQofFWvYwSLnmyLsNe2zeZjP1WRx4kYCtYOVNr8TYkPlnD8Ahy\r\n5n0rkqEvfxvAInntdw3XrJ/JrjGjaXDvr+vi3vjBpfMNZRRqdtjuA2Uf/IRNKRzI\r\nUKXVBypePRpO61pmQ0F/OHr7v5kU60aB6n3BmFD5IQzIh0a6NmZ+zOo7bGe2YhGC\r\nOlDujLU6/VdxMIjgIqA359oSKNMFkhr8RVLG\r\n-----END CERTIFICATE-----\r\n\r\n-----BEGIN CERTIFICATE-----\r\nMIIFWjCCA0KgAwIBAgIQTkOqpw4KcbVLV9RKIXg3NDANBgkqhkiG9w0BAQsFADAa\r\nMRgwFgYDVQQDEw9UcmFmZW5nR3JvdXBSQ0EwHhcNMjAwODE5MTM1NzA5WhcNNDAw\r\nODE5MTQwNjU3WjAaMRgwFgYDVQQDEw9UcmFmZW5nR3JvdXBSQ0EwggIiMA0GCSqG\r\nSIb3DQEBAQUAA4ICDwAwggIKAoICAQDA3ulA0oXb2gu7G6mTfr4Hxwp2XHQnQHNW\r\ndzRvuLCf5BZZMWIHEIuZoGVnqrR9VirVVT9bq7kx4yWYO3qh5I9XI0O96Kp3eUG8\r\nJb9+GoLSROMF0z8K0kRYRrEFL8Yhg1Yp5J0IUyb7Ngr41vWs0U5EzCBcqknUjRbe\r\nqUrcYzhIHdx3djyWDm3KOxSCT+2Zui8ap8C48zkt3/EBwlIl7g/p3Xn5OGPNIom9\r\ndiSNhfuxqZqW0pRK3g480Nm80h1kBxYFjJOmEpCY0lMKI8fEuL2WoBMnSyGnG1GR\r\nS5BChi0TqCRM3Iwx1NrwA6zAQ88ZrlFwDwPiRVkF7YnW6X+45ccWSpqWxiwkvmvq\r\ncSrLV1o6937gD8M76X028tmdk5AiY4Q3FlcIfGV302HXA0J7RAOXawQo71S+3RFL\r\n4970PrTKMUQeWv76tzs/EOE6N3GQTnkcH8UFrfRNJiSPNZ0wYrKTWUC0mhDW62Ud\r\nk+pmN7RTetO6desWE5AntG3qfeqn7Kbj09iGuIkuQZVXXUXI5f2TpGgDOnBwe/jK\r\nhiiDQWUcaeH8QScqDHYWdAjv1UcK13WFIZQxC0YPmpntd0uUJ83fWCmuiDuyoMbM\r\nDM1wBry80OrI3o+2ILA07ItQzQ0OXbL8QTQJ/jTbO2yRxkFZqhazCsJUVdZLhPfj\r\nXAtDdGSk2wIDAQABo4GbMIGYMAsGA1UdDwQEAwIBhjAPBgNVHRMBAf8EBTADAQH/\r\nMB0GA1UdDgQWBBRVOiP6OFoka6/prZpBAGwF/Uau7TAQBgkrBgEEAYI3FQEEAwIB\r\nADBHBgNVHSAEQDA+MDwGCCsGAQQBgs8mMDAwLgYIKwYBBQUHAgEWImh0dHA6Ly9w\r\na2kudHJhZmVuZy5uZXQvY3BzL2Nwcy5odG0wDQYJKoZIhvcNAQELBQADggIBAFWb\r\nR/aTSouvecamBixb2eekv2VfgG5MZAN866h/ScFWSD4jNlMMdP2bKEsQ0v/gjusw\r\nk78Q+d7QZHCdjqrX1C344BKiGw3BqJgLhQzCj7c7E8MmxyFLAvOpxbWJaroONnPe\r\nlee58NX+Kp9zscNhDgIgekDzkS1z5V+97fQ/MUPMWVsw/QOYG2NfJUNQV2vOnOvr\r\nNASTa4deSCguhjnMuVbaNvQU15/1DlhYMz64di1GwvjPWxFAuchGazs07ZtoZxWe\r\ntQMHHP+qhbSWGNlSgZZvVztuWf68xb2661+2JhQdXuq+zmt7wgKPY7ttrDBGDHLU\r\nFwmPjeJXV6nNSFdSoIhMAVXE5/lNE86s8seidVRd9o5xBAaMmi/WDJnJMZXGN6/x\r\nWTT35+MKviIQRrMPStwbiLTaogAR2dwQM5YG6kcMNmugHCqc6hpEthD7XVmxQ297\r\ni6AAt5lnBFRO9aTzRFPFQDm8K0ZY1uZgAWt2gtdyIni4Crha/BMLJ8NuZD/zte+C\r\nGzpoKQ2dT2v+vhTIengyPZenn5Chawz2jz3LA/EkAwW2kZGPFpuccjoaJ7eozQvO\r\nF51LkUlDxVxc7NLts/G2gJ+nsXac107+psctLBVkZQJNCxL/3ApyR17vKWeBM2Mm\r\nJ7o2JvqVW4OA9YH3dGk2aJC6HDSXuQk7NYB8kB8+\r\n-----END CERTIFICATE-----\r\n\r\n",
                     "CertPem":  "-----BEGIN CERTIFICATE-----\r\nMIIG7TCCBdWgAwIBAgITNwAAEBLsfli+dRPmawABAAAQEjANBgkqhkiG9w0BAQsF\r\nADBkMRMwEQYKCZImiZPyLGQBGRYDbmV0MRcwFQYKCZImiZPyLGQBGRYHdHJhZmVu\r\nZzEWMBQGCgmSJomT8ixkARkWBmV1cm9wZTEcMBoGA1UEAxMTVHJhZmVuZ0dyb3Vw\r\nRW50Q0EwMjAeFw0yNTA3MjEwODE5MzhaFw0yNjA3MjEwODE5MzhaMIGMMQswCQYD\r\nVQQGEwJHQjEPMA0GA1UECBMGTG9uZG9uMQ8wDQYDVQQHEwZMb25kb24xFjAUBgNV\r\nBAoTDVRyYWZpZ3VyYSBMdGQxFjAUBgNVBAsTDVVuaWZpZWQgQ29tbXMxKzApBgNV\r\nBAMTIml0dHJhZmxvbmV4MjcuZ2xvYmFsLnRyYWZpZ3VyYS5jb20wggEiMA0GCSqG\r\nSIb3DQEBAQUAA4IBDwAwggEKAoIBAQC0adKeYyDUog/8YA0MXfDcN3XHPcPcf+kX\r\n4FgDEcH4VOb7puzP7klr2VduigPlnPGWddgZdJWJAwIqY5RWxf0jNfIFwFTCEX53\r\nu/caC7erNPFvGUXSR2dtlVwzV6b92AwcLZWpYw+XA/p5rTqUk8OZhTy7HxPlTbow\r\nS+LCV3q0WEwC27wxJocIz7+sD+UZmarweB7SuGr6LIXsCBw+qmA94D2+6ooCMtOB\r\nmJHA7Ah2TD8KtiJzumuADuO8YJIy35TEak1Iu/1EFHjKkqHurLu6Y56Wod6RCExH\r\nWOpJQG7TSdGxlinRpm/jDPYmhRYKxT/Kh/m+GfAADICnRObt6TKxAgMBAAGjggNt\r\nMIIDaTA8BgNVHREENTAzgg1pdHRyYWZsb25leDI3giJpdHRyYWZsb25leDI3Lmds\r\nb2JhbC50cmFmaWd1cmEuY29tMB0GA1UdDgQWBBSIn7ff/KKTHwfw3+3OKnJu2wia\r\nOTAfBgNVHSMEGDAWgBTsf3xZd2aLCgFS6cXnGx2QF6kTzDCCARMGA1UdHwSCAQow\r\nggEGMIIBAqCB/6CB/IaBwGxkYXA6Ly8vQ049VHJhZmVuZ0dyb3VwRW50Q0EwMixD\r\nTj1FVFJBRkxPTjJLNTAyLENOPUNEUCxDTj1QdWJsaWMlMjBLZXklMjBTZXJ2aWNl\r\ncyxDTj1TZXJ2aWNlcyxDTj1Db25maWd1cmF0aW9uLERDPXRyYWZlbmcsREM9bmV0\r\nP2NlcnRpZmljYXRlUmV2b2NhdGlvbkxpc3Q/YmFzZT9vYmplY3RDbGFzcz1jUkxE\r\naXN0cmlidXRpb25Qb2ludIY3aHR0cDovL3BraS50cmFmZW5nLm5ldC9DZXJ0RGF0\r\nYS9UcmFmZW5nR3JvdXBFbnRDQTAyLmNybDCCATkGCCsGAQUFBwEBBIIBKzCCAScw\r\ngbIGCCsGAQUFBzAChoGlbGRhcDovLy9DTj1UcmFmZW5nR3JvdXBFbnRDQTAyLENO\r\nPUFJQSxDTj1QdWJsaWMlMjBLZXklMjBTZXJ2aWNlcyxDTj1TZXJ2aWNlcyxDTj1D\r\nb25maWd1cmF0aW9uLERDPXRyYWZlbmcsREM9bmV0P2NBQ2VydGlmaWNhdGU/YmFz\r\nZT9vYmplY3RDbGFzcz1jZXJ0aWZpY2F0aW9uQXV0aG9yaXR5MEYGCCsGAQUFBzAC\r\nhjpodHRwOi8vcGtpLnRyYWZlbmcubmV0L0NlcnREYXRhL1RyYWZlbmdHcm91cEVu\r\ndENBMDIoMSkuY3J0MCgGCCsGAQUFBzABhhxodHRwOi8vb2NzcC50cmFmZW5nLm5l\r\ndC9vY3NwMA4GA1UdDwEB/wQEAwIFoDA9BgkrBgEEAYI3FQcEMDAuBiYrBgEEAYI3\r\nFQiHvNRGg5qECIbxjzKDrJh5gbWNLhCEudkJhLTbMgIBZAIBGDAdBgNVHSUEFjAU\r\nBggrBgEFBQcDAQYIKwYBBQUHAwIwJwYJKwYBBAGCNxUKBBowGDAKBggrBgEFBQcD\r\nATAKBggrBgEFBQcDAjANBgkqhkiG9w0BAQsFAAOCAQEAP0XNsOJ4Xz5eMT9gYI/a\r\nxycqYgnCEby983lwTlcLlVzsFVlca6T5UmgWhmat6HAClKpc9MELUnD06eawBrWk\r\nghH8dy+2IpxF2mm6FDHxQ38qXgpQEKoYFCkOs1zMNGiFIlBR5b0A0eI101yUv7/u\r\nKBGQsrXQrocb43+vQn1AhhqnZQBCovUrx9dCARnASJyORitBU+YbbuVSisvGI7n8\r\nokGWa+zMVSocscWw64sistGeVry01lE12YdxAQkhYBuc77F6ekWLuv7rR7kTy7qK\r\nGmvqRd/IhuoTBUZWtqzMADm9/0LKxXO76BTUWr2CVwg/UhsR2zdWjurjuZmn42oN\r\nYg==\r\n-----END CERTIFICATE-----\r\n",
                     "Pkcs12":  "***hidden***"
                 },
    "General":  {
                    "AssetName":  "ittraflonex27.global.trafigura.com_26jul21_1012",
                    "AuxPass":  "",
                    "VarText2":  "",
                    "VarPass":  "",
                    "VarText4":  "",
                    "HostAddress":  "10.63.26.87",
                    "VarText1":  "",
                    "VarText3":  "",
                    "UserPass":  "***hidden***",
                    "AppObjectDN":  "\\VED\\Policy\\Automation\\Dell iDRAC\\Unified Comms\\ITTRAFLONEX27\\Dell (iDRAC)",
                    "AuxUser":  "",
                    "UserName":  "root",
                    "AuxPfxData":  "",
                    "UserPrivKey":  "",
                    "VarBool2":  "false",
                    "VarText5":  "",
                    "TcpPort":  22,
                    "VarBool1":  "false"
                }
}

21/07/2025 09:29:39 : Login to 10.63.26.87

21/07/2025 09:29:39 : https://10.63.26.87/redfish/v1/Sessions

21/07/2025 09:29:40 : 
- PASS, new iDRAC token session successfully created


21/07/2025 09:29:40 : Converting the Pkcs12 certificate representation byte array to Base64 encoded format.

21/07/2025 09:29:40 : Function: Update-Binding

21/07/2025 09:29:40 : {
    "General":  {
                    "AssetName":  "Not Applicable",
                    "AuxPass":  "",
                    "VarText2":  "",
                    "VarPass":  "",
                    "VarText4":  "",
                    "HostAddress":  "10.63.26.87",
                    "VarText1":  "",
                    "VarText3":  "",
                    "UserPass":  "***hidden***",
                    "AppObjectDN":  "\\VED\\Policy\\Automation\\Dell iDRAC\\Unified Comms\\ITTRAFLONEX27\\Dell (iDRAC)",
                    "AuxUser":  "",
                    "UserName":  "root",
                    "AuxPfxData":  "",
                    "UserPrivKey":  "",
                    "VarBool2":  "false",
                    "VarText5":  "",
                    "TcpPort":  22,
                    "VarBool1":  "false"
                }
}

21/07/2025 09:29:40 : Function: Activate-Certificate

21/07/2025 09:29:40 : {
    "General":  {
                    "AssetName":  "Not Applicable",
                    "AuxPass":  "",
                    "VarText2":  "",
                    "VarPass":  "",
                    "VarText4":  "",
                    "HostAddress":  "10.63.26.87",
                    "VarText1":  "",
                    "VarText3":  "",
                    "UserPass":  "***hidden***",
                    "AppObjectDN":  "\\VED\\Policy\\Automation\\Dell iDRAC\\Unified Comms\\ITTRAFLONEX27\\Dell (iDRAC)",
                    "AuxUser":  "",
                    "UserName":  "root",
                    "AuxPfxData":  "",
                    "UserPrivKey":  "",
                    "VarBool2":  "false",
                    "VarText5":  "",
                    "TcpPort":  22,
                    "VarBool1":  "false"
                }
}

21/07/2025 09:29:41 : Function: Extract-Certificate

21/07/2025 09:29:41 : {
    "General":  {
                    "AssetName":  "Not Applicable",
                    "AuxPass":  "",
                    "VarText2":  "",
                    "VarPass":  "",
                    "VarText4":  "",
                    "HostAddress":  "10.63.26.87",
                    "VarText1":  "",
                    "VarText3":  "",
                    "UserPass":  "***hidden***",
                    "AppObjectDN":  "\\VED\\Policy\\Automation\\Dell iDRAC\\Unified Comms\\ITTRAFLONEX27\\Dell (iDRAC)",
                    "AuxUser":  "",
                    "UserName":  "root",
                    "AuxPfxData":  "",
                    "UserPrivKey":  "",
                    "VarBool2":  "false",
                    "VarText5":  "",
                    "TcpPort":  22,
                    "VarBool1":  "false"
                }
}

