16/07/2025 23:26:20 : Function: Install-Chain

16/07/2025 23:26:20 : {
    "Specific":  {
                     "ChainPem":  "-----BEGIN CERTIFICATE-----\r\nMIIG1zCCBL+gAwIBAgITKQAAAA0xilarXm/IrgACAAAADTANBgkqhkiG9w0BAQsF\r\nADAaMRgwFgYDVQQDEw9UcmFmZW5nR3JvdXBSQ0EwHhcNMjQxMjA1MTE0NTA3WhcN\r\nMjkxMjA1MTE1NTA3WjBkMRMwEQYKCZImiZPyLGQBGRYDbmV0MRcwFQYKCZImiZPy\r\nLGQBGRYHdHJhZmVuZzEWMBQGCgmSJomT8ixkARkWBmV1cm9wZTEcMBoGA1UEAxMT\r\nVHJhZmVuZ0dyb3VwRW50Q0EwMjCCASIwDQYJKoZIhvcNAQEBBQADggEPADCCAQoC\r\nggEBAKDj0a4R9BiqEb8Y5znUJ9B5oH7MviaDQ3yljwDIZCVX5VNReUXjnCHjkI6G\r\nTwyg4OHg6dA/NybKe7jzYoePjXcK5d2mfiUNWksSOq6Y4LtbgOnNW0qUzPBGA3u1\r\nif7mwc0x0HKf99L/z5fuj78FNS9Y/4dIPSKNapyRdlt075UjlDRYeW+iQUSYG+KW\r\n7HRVsl5f9QTgIhysPIxco012yWFUv8Bqq7fLki6qeSmGOgqtkUltF/J+DitdxOko\r\n7SyNIoOnMD6idbCwkQPH7eQ2OHlAF/SODB/mLjMGUR8Va86XnXBt3EsDjxK9P5tF\r\no+K1FYzxSpwZcINF6/f3NFd3c5kCAwEAAaOCAsowggLGMBAGCSsGAQQBgjcVAQQD\r\nAgEBMCMGCSsGAQQBgjcVAgQWBBRZj1XG45uzBKxJmbFkOgwFWkdCJTAdBgNVHQ4E\r\nFgQU7H98WXdmiwoBUunF5xsdkBepE8wwGQYJKwYBBAGCNxQCBAweCgBTAHUAYgBD\r\nAEEwCwYDVR0PBAQDAgGGMA8GA1UdEwEB/wQFMAMBAf8wHwYDVR0jBBgwFoAUVToj\r\n+jhaJGuv6a2aQQBsBf1Gru0wggEJBgNVHR8EggEAMIH9MIH6oIH3oIH0hoG8bGRh\r\ncDovLy9DTj1UcmFmZW5nR3JvdXBSQ0EsQ049ZXRyYWZsb24yazUwMCxDTj1DRFAs\r\nQ049UHVibGljJTIwS2V5JTIwU2VydmljZXMsQ049U2VydmljZXMsQ049Q29uZmln\r\ndXJhdGlvbixEQz1UcmFmZW5nLERDPW5ldD9jZXJ0aWZpY2F0ZVJldm9jYXRpb25M\r\naXN0P2Jhc2U/b2JqZWN0Q2xhc3M9Y1JMRGlzdHJpYnV0aW9uUG9pbnSGM2h0dHA6\r\nLy9wa2kudHJhZmVuZy5uZXQvQ2VydERhdGEvVHJhZmVuZ0dyb3VwUkNBLmNybDCC\r\nAQUGCCsGAQUFBwEBBIH4MIH1MIGuBggrBgEFBQcwAoaBoWxkYXA6Ly8vQ049VHJh\r\nZmVuZ0dyb3VwUkNBLENOPUFJQSxDTj1QdWJsaWMlMjBLZXklMjBTZXJ2aWNlcyxD\r\nTj1TZXJ2aWNlcyxDTj1Db25maWd1cmF0aW9uLERDPVRyYWZlbmcsREM9bmV0P2NB\r\nQ2VydGlmaWNhdGU/YmFzZT9vYmplY3RDbGFzcz1jZXJ0aWZpY2F0aW9uQXV0aG9y\r\naXR5MEIGCCsGAQUFBzAChjZodHRwOi8vcGtpLnRyYWZlbmcubmV0L0NlcnREYXRh\r\nL1RyYWZlbmdHcm91cFJDQSgyKS5jcnQwDQYJKoZIhvcNAQELBQADggIBALHP3MmA\r\n9Sm7B045wRpDInthB+uSsjPzWDyulNGgfEJRU+ntRczc8UlyyMvAJwR2FdtngRrg\r\nXVwQkLvjFzzwH27weeWxLPLK7AJ3QfkLOlxvUKpcC16Jv5vFzAigl5d3Yaj67nX5\r\n8Df6/sJxSBOz89oK31vmxzP6p4zkJX/zc4KSwDp5UZmYOGNhNfs5WEI9BOEmb662\r\nV3oxn4XG725hKvntBJlmV5wyfCCqRPpLmUrbRDZEqOxXYQdYye1vzurS9y5clmTt\r\nj/J2SVJZ30MlU3s9KDgK+qIpq9PKDqpCUoMsz5NlYxcuFXWnWb1ZP1GM18Y/iRDT\r\nrv4YrqoYBoc7UOwptwEgwJSe3Ts7HUprCzWTLC26ePSqNe2rrtbAkcPxEU/nWKLh\r\nX6BGNY1A2vWWPvVuJbOsVrvh8F9ejB9HzT/GwGrBmC33+CnsFS0z8fYhtAzGi1WL\r\nH2JnKibkuUwB6zXQofFWvYwSLnmyLsNe2zeZjP1WRx4kYCtYOVNr8TYkPlnD8Ahy\r\n5n0rkqEvfxvAInntdw3XrJ/JrjGjaXDvr+vi3vjBpfMNZRRqdtjuA2Uf/IRNKRzI\r\nUKXVBypePRpO61pmQ0F/OHr7v5kU60aB6n3BmFD5IQzIh0a6NmZ+zOo7bGe2YhGC\r\nOlDujLU6/VdxMIjgIqA359oSKNMFkhr8RVLG\r\n-----END CERTIFICATE-----\r\n\r\n-----BEGIN CERTIFICATE-----\r\nMIIFWjCCA0KgAwIBAgIQTkOqpw4KcbVLV9RKIXg3NDANBgkqhkiG9w0BAQsFADAa\r\nMRgwFgYDVQQDEw9UcmFmZW5nR3JvdXBSQ0EwHhcNMjAwODE5MTM1NzA5WhcNNDAw\r\nODE5MTQwNjU3WjAaMRgwFgYDVQQDEw9UcmFmZW5nR3JvdXBSQ0EwggIiMA0GCSqG\r\nSIb3DQEBAQUAA4ICDwAwggIKAoICAQDA3ulA0oXb2gu7G6mTfr4Hxwp2XHQnQHNW\r\ndzRvuLCf5BZZMWIHEIuZoGVnqrR9VirVVT9bq7kx4yWYO3qh5I9XI0O96Kp3eUG8\r\nJb9+GoLSROMF0z8K0kRYRrEFL8Yhg1Yp5J0IUyb7Ngr41vWs0U5EzCBcqknUjRbe\r\nqUrcYzhIHdx3djyWDm3KOxSCT+2Zui8ap8C48zkt3/EBwlIl7g/p3Xn5OGPNIom9\r\ndiSNhfuxqZqW0pRK3g480Nm80h1kBxYFjJOmEpCY0lMKI8fEuL2WoBMnSyGnG1GR\r\nS5BChi0TqCRM3Iwx1NrwA6zAQ88ZrlFwDwPiRVkF7YnW6X+45ccWSpqWxiwkvmvq\r\ncSrLV1o6937gD8M76X028tmdk5AiY4Q3FlcIfGV302HXA0J7RAOXawQo71S+3RFL\r\n4970PrTKMUQeWv76tzs/EOE6N3GQTnkcH8UFrfRNJiSPNZ0wYrKTWUC0mhDW62Ud\r\nk+pmN7RTetO6desWE5AntG3qfeqn7Kbj09iGuIkuQZVXXUXI5f2TpGgDOnBwe/jK\r\nhiiDQWUcaeH8QScqDHYWdAjv1UcK13WFIZQxC0YPmpntd0uUJ83fWCmuiDuyoMbM\r\nDM1wBry80OrI3o+2ILA07ItQzQ0OXbL8QTQJ/jTbO2yRxkFZqhazCsJUVdZLhPfj\r\nXAtDdGSk2wIDAQABo4GbMIGYMAsGA1UdDwQEAwIBhjAPBgNVHRMBAf8EBTADAQH/\r\nMB0GA1UdDgQWBBRVOiP6OFoka6/prZpBAGwF/Uau7TAQBgkrBgEEAYI3FQEEAwIB\r\nADBHBgNVHSAEQDA+MDwGCCsGAQQBgs8mMDAwLgYIKwYBBQUHAgEWImh0dHA6Ly9w\r\na2kudHJhZmVuZy5uZXQvY3BzL2Nwcy5odG0wDQYJKoZIhvcNAQELBQADggIBAFWb\r\nR/aTSouvecamBixb2eekv2VfgG5MZAN866h/ScFWSD4jNlMMdP2bKEsQ0v/gjusw\r\nk78Q+d7QZHCdjqrX1C344BKiGw3BqJgLhQzCj7c7E8MmxyFLAvOpxbWJaroONnPe\r\nlee58NX+Kp9zscNhDgIgekDzkS1z5V+97fQ/MUPMWVsw/QOYG2NfJUNQV2vOnOvr\r\nNASTa4deSCguhjnMuVbaNvQU15/1DlhYMz64di1GwvjPWxFAuchGazs07ZtoZxWe\r\ntQMHHP+qhbSWGNlSgZZvVztuWf68xb2661+2JhQdXuq+zmt7wgKPY7ttrDBGDHLU\r\nFwmPjeJXV6nNSFdSoIhMAVXE5/lNE86s8seidVRd9o5xBAaMmi/WDJnJMZXGN6/x\r\nWTT35+MKviIQRrMPStwbiLTaogAR2dwQM5YG6kcMNmugHCqc6hpEthD7XVmxQ297\r\ni6AAt5lnBFRO9aTzRFPFQDm8K0ZY1uZgAWt2gtdyIni4Crha/BMLJ8NuZD/zte+C\r\nGzpoKQ2dT2v+vhTIengyPZenn5Chawz2jz3LA/EkAwW2kZGPFpuccjoaJ7eozQvO\r\nF51LkUlDxVxc7NLts/G2gJ+nsXac107+psctLBVkZQJNCxL/3ApyR17vKWeBM2Mm\r\nJ7o2JvqVW4OA9YH3dGk2aJC6HDSXuQk7NYB8kB8+\r\n-----END CERTIFICATE-----\r\n\r\n",
                     "ChainPkcs7":  "***hidden***"
                 },
    "General":  {
                    "AssetName":  "ittraflonex27.global.trafigura.com_26jul16_0FF8",
                    "AuxPass":  "",
                    "VarText2":  "",
                    "VarPass":  "",
                    "VarText4":  "",
                    "HostAddress":  "10.63.26.87",
                    "VarText1":  "",
                    "VarText3":  "",
                    "UserPass":  "***hidden***",
                    "AppObjectDN":  "\\VED\\Policy\\Automation\\Dell iDRAC\\Unified Comms\\ITTRAFLONEX27\\Dell (iDRAC)",
                    "AuxUser":  "",
                    "UserName":  "root",
                    "AuxPfxData":  "",
                    "UserPrivKey":  "",
                    "VarBool2":  "false",
                    "VarText5":  "",
                    "TcpPort":  22,
                    "VarBool1":  "false"
                }
}

16/07/2025 23:26:20 : Function: Install-PrivateKey

16/07/2025 23:26:20 : {
    "Specific":  {
                     "PrivKeyPem":  "***hidden***",
                     "EncryptPass":  "",
                     "PrivKeyPemEncrypted":  "***hidden***"
                 },
    "General":  {
                    "AssetName":  "ittraflonex27.global.trafigura.com_26jul16_0FF8",
                    "AuxPass":  "",
                    "VarText2":  "",
                    "VarPass":  "",
                    "VarText4":  "",
                    "HostAddress":  "10.63.26.87",
                    "VarText1":  "",
                    "VarText3":  "",
                    "UserPass":  "***hidden***",
                    "AppObjectDN":  "\\VED\\Policy\\Automation\\Dell iDRAC\\Unified Comms\\ITTRAFLONEX27\\Dell (iDRAC)",
                    "AuxUser":  "",
                    "UserName":  "root",
                    "AuxPfxData":  "",
                    "UserPrivKey":  "",
                    "VarBool2":  "false",
                    "VarText5":  "",
                    "TcpPort":  22,
                    "VarBool1":  "false"
                }
}

16/07/2025 23:26:20 : Function: Install-Certificate

16/07/2025 23:26:20 : {
    "Specific":  {
                     "PrivKeyPemEncrypted":  "***hidden***",
                     "EncryptPass":  "***hidden***",
                     "PrivKeyPem":  "***hidden***",
                     "ChainPkcs7":  "***hidden***",
                     "ChainPem":  "-----BEGIN CERTIFICATE-----\r\nMIIG1zCCBL+gAwIBAgITKQAAAA0xilarXm/IrgACAAAADTANBgkqhkiG9w0BAQsF\r\nADAaMRgwFgYDVQQDEw9UcmFmZW5nR3JvdXBSQ0EwHhcNMjQxMjA1MTE0NTA3WhcN\r\nMjkxMjA1MTE1NTA3WjBkMRMwEQYKCZImiZPyLGQBGRYDbmV0MRcwFQYKCZImiZPy\r\nLGQBGRYHdHJhZmVuZzEWMBQGCgmSJomT8ixkARkWBmV1cm9wZTEcMBoGA1UEAxMT\r\nVHJhZmVuZ0dyb3VwRW50Q0EwMjCCASIwDQYJKoZIhvcNAQEBBQADggEPADCCAQoC\r\nggEBAKDj0a4R9BiqEb8Y5znUJ9B5oH7MviaDQ3yljwDIZCVX5VNReUXjnCHjkI6G\r\nTwyg4OHg6dA/NybKe7jzYoePjXcK5d2mfiUNWksSOq6Y4LtbgOnNW0qUzPBGA3u1\r\nif7mwc0x0HKf99L/z5fuj78FNS9Y/4dIPSKNapyRdlt075UjlDRYeW+iQUSYG+KW\r\n7HRVsl5f9QTgIhysPIxco012yWFUv8Bqq7fLki6qeSmGOgqtkUltF/J+DitdxOko\r\n7SyNIoOnMD6idbCwkQPH7eQ2OHlAF/SODB/mLjMGUR8Va86XnXBt3EsDjxK9P5tF\r\no+K1FYzxSpwZcINF6/f3NFd3c5kCAwEAAaOCAsowggLGMBAGCSsGAQQBgjcVAQQD\r\nAgEBMCMGCSsGAQQBgjcVAgQWBBRZj1XG45uzBKxJmbFkOgwFWkdCJTAdBgNVHQ4E\r\nFgQU7H98WXdmiwoBUunF5xsdkBepE8wwGQYJKwYBBAGCNxQCBAweCgBTAHUAYgBD\r\nAEEwCwYDVR0PBAQDAgGGMA8GA1UdEwEB/wQFMAMBAf8wHwYDVR0jBBgwFoAUVToj\r\n+jhaJGuv6a2aQQBsBf1Gru0wggEJBgNVHR8EggEAMIH9MIH6oIH3oIH0hoG8bGRh\r\ncDovLy9DTj1UcmFmZW5nR3JvdXBSQ0EsQ049ZXRyYWZsb24yazUwMCxDTj1DRFAs\r\nQ049UHVibGljJTIwS2V5JTIwU2VydmljZXMsQ049U2VydmljZXMsQ049Q29uZmln\r\ndXJhdGlvbixEQz1UcmFmZW5nLERDPW5ldD9jZXJ0aWZpY2F0ZVJldm9jYXRpb25M\r\naXN0P2Jhc2U/b2JqZWN0Q2xhc3M9Y1JMRGlzdHJpYnV0aW9uUG9pbnSGM2h0dHA6\r\nLy9wa2kudHJhZmVuZy5uZXQvQ2VydERhdGEvVHJhZmVuZ0dyb3VwUkNBLmNybDCC\r\nAQUGCCsGAQUFBwEBBIH4MIH1MIGuBggrBgEFBQcwAoaBoWxkYXA6Ly8vQ049VHJh\r\nZmVuZ0dyb3VwUkNBLENOPUFJQSxDTj1QdWJsaWMlMjBLZXklMjBTZXJ2aWNlcyxD\r\nTj1TZXJ2aWNlcyxDTj1Db25maWd1cmF0aW9uLERDPVRyYWZlbmcsREM9bmV0P2NB\r\nQ2VydGlmaWNhdGU/YmFzZT9vYmplY3RDbGFzcz1jZXJ0aWZpY2F0aW9uQXV0aG9y\r\naXR5MEIGCCsGAQUFBzAChjZodHRwOi8vcGtpLnRyYWZlbmcubmV0L0NlcnREYXRh\r\nL1RyYWZlbmdHcm91cFJDQSgyKS5jcnQwDQYJKoZIhvcNAQELBQADggIBALHP3MmA\r\n9Sm7B045wRpDInthB+uSsjPzWDyulNGgfEJRU+ntRczc8UlyyMvAJwR2FdtngRrg\r\nXVwQkLvjFzzwH27weeWxLPLK7AJ3QfkLOlxvUKpcC16Jv5vFzAigl5d3Yaj67nX5\r\n8Df6/sJxSBOz89oK31vmxzP6p4zkJX/zc4KSwDp5UZmYOGNhNfs5WEI9BOEmb662\r\nV3oxn4XG725hKvntBJlmV5wyfCCqRPpLmUrbRDZEqOxXYQdYye1vzurS9y5clmTt\r\nj/J2SVJZ30MlU3s9KDgK+qIpq9PKDqpCUoMsz5NlYxcuFXWnWb1ZP1GM18Y/iRDT\r\nrv4YrqoYBoc7UOwptwEgwJSe3Ts7HUprCzWTLC26ePSqNe2rrtbAkcPxEU/nWKLh\r\nX6BGNY1A2vWWPvVuJbOsVrvh8F9ejB9HzT/GwGrBmC33+CnsFS0z8fYhtAzGi1WL\r\nH2JnKibkuUwB6zXQofFWvYwSLnmyLsNe2zeZjP1WRx4kYCtYOVNr8TYkPlnD8Ahy\r\n5n0rkqEvfxvAInntdw3XrJ/JrjGjaXDvr+vi3vjBpfMNZRRqdtjuA2Uf/IRNKRzI\r\nUKXVBypePRpO61pmQ0F/OHr7v5kU60aB6n3BmFD5IQzIh0a6NmZ+zOo7bGe2YhGC\r\nOlDujLU6/VdxMIjgIqA359oSKNMFkhr8RVLG\r\n-----END CERTIFICATE-----\r\n\r\n-----BEGIN CERTIFICATE-----\r\nMIIFWjCCA0KgAwIBAgIQTkOqpw4KcbVLV9RKIXg3NDANBgkqhkiG9w0BAQsFADAa\r\nMRgwFgYDVQQDEw9UcmFmZW5nR3JvdXBSQ0EwHhcNMjAwODE5MTM1NzA5WhcNNDAw\r\nODE5MTQwNjU3WjAaMRgwFgYDVQQDEw9UcmFmZW5nR3JvdXBSQ0EwggIiMA0GCSqG\r\nSIb3DQEBAQUAA4ICDwAwggIKAoICAQDA3ulA0oXb2gu7G6mTfr4Hxwp2XHQnQHNW\r\ndzRvuLCf5BZZMWIHEIuZoGVnqrR9VirVVT9bq7kx4yWYO3qh5I9XI0O96Kp3eUG8\r\nJb9+GoLSROMF0z8K0kRYRrEFL8Yhg1Yp5J0IUyb7Ngr41vWs0U5EzCBcqknUjRbe\r\nqUrcYzhIHdx3djyWDm3KOxSCT+2Zui8ap8C48zkt3/EBwlIl7g/p3Xn5OGPNIom9\r\ndiSNhfuxqZqW0pRK3g480Nm80h1kBxYFjJOmEpCY0lMKI8fEuL2WoBMnSyGnG1GR\r\nS5BChi0TqCRM3Iwx1NrwA6zAQ88ZrlFwDwPiRVkF7YnW6X+45ccWSpqWxiwkvmvq\r\ncSrLV1o6937gD8M76X028tmdk5AiY4Q3FlcIfGV302HXA0J7RAOXawQo71S+3RFL\r\n4970PrTKMUQeWv76tzs/EOE6N3GQTnkcH8UFrfRNJiSPNZ0wYrKTWUC0mhDW62Ud\r\nk+pmN7RTetO6desWE5AntG3qfeqn7Kbj09iGuIkuQZVXXUXI5f2TpGgDOnBwe/jK\r\nhiiDQWUcaeH8QScqDHYWdAjv1UcK13WFIZQxC0YPmpntd0uUJ83fWCmuiDuyoMbM\r\nDM1wBry80OrI3o+2ILA07ItQzQ0OXbL8QTQJ/jTbO2yRxkFZqhazCsJUVdZLhPfj\r\nXAtDdGSk2wIDAQABo4GbMIGYMAsGA1UdDwQEAwIBhjAPBgNVHRMBAf8EBTADAQH/\r\nMB0GA1UdDgQWBBRVOiP6OFoka6/prZpBAGwF/Uau7TAQBgkrBgEEAYI3FQEEAwIB\r\nADBHBgNVHSAEQDA+MDwGCCsGAQQBgs8mMDAwLgYIKwYBBQUHAgEWImh0dHA6Ly9w\r\na2kudHJhZmVuZy5uZXQvY3BzL2Nwcy5odG0wDQYJKoZIhvcNAQELBQADggIBAFWb\r\nR/aTSouvecamBixb2eekv2VfgG5MZAN866h/ScFWSD4jNlMMdP2bKEsQ0v/gjusw\r\nk78Q+d7QZHCdjqrX1C344BKiGw3BqJgLhQzCj7c7E8MmxyFLAvOpxbWJaroONnPe\r\nlee58NX+Kp9zscNhDgIgekDzkS1z5V+97fQ/MUPMWVsw/QOYG2NfJUNQV2vOnOvr\r\nNASTa4deSCguhjnMuVbaNvQU15/1DlhYMz64di1GwvjPWxFAuchGazs07ZtoZxWe\r\ntQMHHP+qhbSWGNlSgZZvVztuWf68xb2661+2JhQdXuq+zmt7wgKPY7ttrDBGDHLU\r\nFwmPjeJXV6nNSFdSoIhMAVXE5/lNE86s8seidVRd9o5xBAaMmi/WDJnJMZXGN6/x\r\nWTT35+MKviIQRrMPStwbiLTaogAR2dwQM5YG6kcMNmugHCqc6hpEthD7XVmxQ297\r\ni6AAt5lnBFRO9aTzRFPFQDm8K0ZY1uZgAWt2gtdyIni4Crha/BMLJ8NuZD/zte+C\r\nGzpoKQ2dT2v+vhTIengyPZenn5Chawz2jz3LA/EkAwW2kZGPFpuccjoaJ7eozQvO\r\nF51LkUlDxVxc7NLts/G2gJ+nsXac107+psctLBVkZQJNCxL/3ApyR17vKWeBM2Mm\r\nJ7o2JvqVW4OA9YH3dGk2aJC6HDSXuQk7NYB8kB8+\r\n-----END CERTIFICATE-----\r\n\r\n",
                     "CertPem":  "-----BEGIN CERTIFICATE-----\r\nMIIG7TCCBdWgAwIBAgITNwAAD/gqF/IG6kJRuQABAAAP+DANBgkqhkiG9w0BAQsF\r\nADBkMRMwEQYKCZImiZPyLGQBGRYDbmV0MRcwFQYKCZImiZPyLGQBGRYHdHJhZmVu\r\nZzEWMBQGCgmSJomT8ixkARkWBmV1cm9wZTEcMBoGA1UEAxMTVHJhZmVuZ0dyb3Vw\r\nRW50Q0EwMjAeFw0yNTA3MTYyMjAwMjhaFw0yNjA3MTYyMjAwMjhaMIGMMQswCQYD\r\nVQQGEwJHQjEPMA0GA1UECBMGTG9uZG9uMQ8wDQYDVQQHEwZMb25kb24xFjAUBgNV\r\nBAoTDVRyYWZpZ3VyYSBMdGQxFjAUBgNVBAsTDVVuaWZpZWQgQ29tbXMxKzApBgNV\r\nBAMTIml0dHJhZmxvbmV4MjcuZ2xvYmFsLnRyYWZpZ3VyYS5jb20wggEiMA0GCSqG\r\nSIb3DQEBAQUAA4IBDwAwggEKAoIBAQDbFYpNWR9sxEd0ckCxU+eqPFAgtqdFz73r\r\nN05StJlRn1IRrUYC3mRAcRrpRQyNEsCkVmEAFjnHHFoWOwgJ8B3yXdsQhewapAUW\r\nm4XYZcVlkID3A2rvXxNhxUmklmpMAszD3hAy8aqbWhYZnyn2T78wysP5Toa8M1Qi\r\nuxPVyF7F3cE3sgl7mr9N+8XPKctT+0DFznqlrLH8YDFINcX5u38/SoOg8cuC55CW\r\npie6fXUI4Pu5otYR1PzGDR8VDUg9XDtG+jH9HEdhNq+7begtk2ZybIUoYe9ScZpa\r\nnnsaLdsTfMN/puvJWNCaogNuFnHwy2YLJXBYzEqKiM15gRSGP3k1AgMBAAGjggNt\r\nMIIDaTA8BgNVHREENTAzgg1pdHRyYWZsb25leDI3giJpdHRyYWZsb25leDI3Lmds\r\nb2JhbC50cmFmaWd1cmEuY29tMB0GA1UdDgQWBBR9UTh04mGqga+p7vfPovxx/nAV\r\nHTAfBgNVHSMEGDAWgBTsf3xZd2aLCgFS6cXnGx2QF6kTzDCCARMGA1UdHwSCAQow\r\nggEGMIIBAqCB/6CB/IaBwGxkYXA6Ly8vQ049VHJhZmVuZ0dyb3VwRW50Q0EwMixD\r\nTj1FVFJBRkxPTjJLNTAyLENOPUNEUCxDTj1QdWJsaWMlMjBLZXklMjBTZXJ2aWNl\r\ncyxDTj1TZXJ2aWNlcyxDTj1Db25maWd1cmF0aW9uLERDPXRyYWZlbmcsREM9bmV0\r\nP2NlcnRpZmljYXRlUmV2b2NhdGlvbkxpc3Q/YmFzZT9vYmplY3RDbGFzcz1jUkxE\r\naXN0cmlidXRpb25Qb2ludIY3aHR0cDovL3BraS50cmFmZW5nLm5ldC9DZXJ0RGF0\r\nYS9UcmFmZW5nR3JvdXBFbnRDQTAyLmNybDCCATkGCCsGAQUFBwEBBIIBKzCCAScw\r\ngbIGCCsGAQUFBzAChoGlbGRhcDovLy9DTj1UcmFmZW5nR3JvdXBFbnRDQTAyLENO\r\nPUFJQSxDTj1QdWJsaWMlMjBLZXklMjBTZXJ2aWNlcyxDTj1TZXJ2aWNlcyxDTj1D\r\nb25maWd1cmF0aW9uLERDPXRyYWZlbmcsREM9bmV0P2NBQ2VydGlmaWNhdGU/YmFz\r\nZT9vYmplY3RDbGFzcz1jZXJ0aWZpY2F0aW9uQXV0aG9yaXR5MEYGCCsGAQUFBzAC\r\nhjpodHRwOi8vcGtpLnRyYWZlbmcubmV0L0NlcnREYXRhL1RyYWZlbmdHcm91cEVu\r\ndENBMDIoMSkuY3J0MCgGCCsGAQUFBzABhhxodHRwOi8vb2NzcC50cmFmZW5nLm5l\r\ndC9vY3NwMA4GA1UdDwEB/wQEAwIFoDA9BgkrBgEEAYI3FQcEMDAuBiYrBgEEAYI3\r\nFQiHvNRGg5qECIbxjzKDrJh5gbWNLhCEudkJhLTbMgIBZAIBGDAdBgNVHSUEFjAU\r\nBggrBgEFBQcDAQYIKwYBBQUHAwIwJwYJKwYBBAGCNxUKBBowGDAKBggrBgEFBQcD\r\nATAKBggrBgEFBQcDAjANBgkqhkiG9w0BAQsFAAOCAQEAaPF4BPbt/OMl0BbvzG0H\r\nmX0i4ycB/F4K5FPCJfSrzF6yxvmWXerNQRmL6Vrg6rPm+Uus1q09lPG0bCglVmMq\r\nVsH3p/OWsm/Md9U/sFTgO12euw6i/3V8TWlAr2w9NOd7PNTsH4VVHfE6i4l8CFHh\r\nuiL055sf1YUNXXD2QpjivfWxAlhvztZPsF0RFG15S2RTbodcJiSdoGSvXXOCDzBB\r\npNcO0/btQRhOGKaavvTwl4rxsUG2a+XsuA4LoqfPBCIDDfrrs9v42WTf88hLFDH3\r\nhoPohiYrcmADMQbCiYJhPFWz+mts4bpeIoXVgsKO5cDzZ+/2XeD7u+scFYtFxfH3\r\nFg==\r\n-----END CERTIFICATE-----\r\n",
                     "Pkcs12":  "***hidden***"
                 },
    "General":  {
                    "AssetName":  "ittraflonex27.global.trafigura.com_26jul16_0FF8",
                    "AuxPass":  "",
                    "VarText2":  "",
                    "VarPass":  "",
                    "VarText4":  "",
                    "HostAddress":  "10.63.26.87",
                    "VarText1":  "",
                    "VarText3":  "",
                    "UserPass":  "***hidden***",
                    "AppObjectDN":  "\\VED\\Policy\\Automation\\Dell iDRAC\\Unified Comms\\ITTRAFLONEX27\\Dell (iDRAC)",
                    "AuxUser":  "",
                    "UserName":  "root",
                    "AuxPfxData":  "",
                    "UserPrivKey":  "",
                    "VarBool2":  "false",
                    "VarText5":  "",
                    "TcpPort":  22,
                    "VarBool1":  "false"
                }
}

16/07/2025 23:26:20 : The login address is 10.63.26.87, the username is root & the password is mEk3[Ey~1rjX!&"SVhFB323T+@9Hg%PI]bndMo1]

16/07/2025 23:26:20 : Login to 10.63.26.87

16/07/2025 23:26:21 : https://10.63.26.87/redfish/v1/Sessions

16/07/2025 23:26:21 : 
- PASS, new iDRAC token session successfully created


16/07/2025 23:26:21 : {
    "X-Auth-Token":  "d233118964c766498ab5143b1c367dc9",
    "OData-Version":  "4.0",
    "X-Frame-Options":  "DENY",
    "Strict-Transport-Security":  "max-age=31536000; includeSubDomains; preload",
    "Content-Length":  "867",
    "Cache-Control":  "no-cache",
    "Content-Type":  "application/json; charset=utf-8",
    "Date":  "Wed, 16 Jul 2025 22:26:21 GMT",
    "Location":  "/redfish/v1/SessionService/Sessions/58",
    "Server":  "Apache"
}

16/07/2025 23:26:22 : The PKCS#12 file content is 

16/07/2025 23:26:22 : The base64 string is 

16/07/2025 23:26:22 : Failed : {"error":{"@Message.ExtendedInfo":[{"Message":"Unable to complete the operation because the value null entered for the property SSLCertificateFile is invalid.","MessageArgs":["null","SSLCertificateFile"],"MessageArgs@odata.count":2,"MessageId":"IDRAC.2.9.SYS425","RelatedProperties":[],"RelatedProperties@odata.count":0,"Resolution":"Enter a valid value for the property in the request body and retry the operation.For information about valid values, see the iDRAC User's Guide available on the support site.","Severity":"Warning"},{"Message":"The value 'null' for the property SSLCertificateFile is of a different type than the property can accept.","MessageArgs":["null","SSLCertificateFile"],"MessageArgs@odata.count":2,"MessageId":"Base.1.12.PropertyValueTypeError","RelatedProperties":[],"RelatedProperties@odata.count":0,"Resolution":"Correct the value for the property in the request body and resubmit the request if the operation failed.","Severity":"Warning"}],"code":"Base.1.12.GeneralError","message":"A general error has occurred. See ExtendedInfo for more information"}}

